[0.077s] DEBUG:colcon:Command line arguments: ['/usr/bin/colcon', 'build', '--symlink-install']
[0.077s] DEBUG:colcon:Parsed command line arguments: Namespace(log_base=None, log_level=None, verb_name='build', build_base='build', install_base='install', merge_install=False, symlink_install=True, test_result_base=None, continue_on_error=False, executor='parallel', parallel_workers=12, event_handlers=None, ignore_user_meta=False, metas=['./colcon.meta'], base_paths=['.'], packages_ignore=None, packages_ignore_regex=None, paths=None, packages_up_to=None, packages_up_to_regex=None, packages_above=None, packages_above_and_dependencies=None, packages_above_depth=None, packages_select_by_dep=None, packages_skip_by_dep=None, packages_skip_up_to=None, packages_select_build_failed=False, packages_skip_build_finished=False, packages_select_test_failures=False, packages_skip_test_passed=False, packages_select=None, packages_skip=None, packages_select_regex=None, packages_skip_regex=None, packages_start=None, packages_end=None, allow_overriding=[], cmake_args=None, cmake_target=None, cmake_target_skip_unavailable=False, cmake_clean_cache=False, cmake_clean_first=False, cmake_force_configure=False, ament_cmake_args=None, catkin_cmake_args=None, catkin_skip_building_tests=False, mixin_files=None, mixin=None, verb_parser=<colcon_mixin.mixin.mixin_argument.MixinArgumentDecorator object at 0x7bf006f80790>, verb_extension=<colcon_core.verb.build.BuildVerb object at 0x7bf0070fa110>, main=<bound method BuildVerb.main of <colcon_core.verb.build.BuildVerb object at 0x7bf0070fa110>>, mixin_verb=('build',))
[0.211s] Level 1:colcon.colcon_core.package_discovery:discover_packages(colcon_meta) check parameters
[0.211s] Level 1:colcon.colcon_core.package_discovery:discover_packages(recursive) check parameters
[0.211s] Level 1:colcon.colcon_core.package_discovery:discover_packages(ignore) check parameters
[0.211s] Level 1:colcon.colcon_core.package_discovery:discover_packages(path) check parameters
[0.211s] Level 1:colcon.colcon_core.package_discovery:discover_packages(colcon_meta) discover
[0.211s] Level 1:colcon.colcon_core.package_discovery:discover_packages(recursive) discover
[0.211s] INFO:colcon.colcon_core.package_discovery:Crawling recursively for packages in '/home/agrolab/swap_ws/src'
[0.211s] Level 1:colcon.colcon_core.package_identification:_identify(.) by extensions ['ignore', 'ignore_ament_install']
[0.211s] Level 1:colcon.colcon_core.package_identification:_identify(.) by extension 'ignore'
[0.211s] Level 1:colcon.colcon_core.package_identification:_identify(.) by extension 'ignore_ament_install'
[0.211s] Level 1:colcon.colcon_core.package_identification:_identify(.) by extensions ['colcon_pkg']
[0.211s] Level 1:colcon.colcon_core.package_identification:_identify(.) by extension 'colcon_pkg'
[0.211s] Level 1:colcon.colcon_core.package_identification:_identify(.) by extensions ['colcon_meta']
[0.211s] Level 1:colcon.colcon_core.package_identification:_identify(.) by extension 'colcon_meta'
[0.211s] Level 1:colcon.colcon_core.package_identification:_identify(.) by extensions ['ros']
[0.211s] Level 1:colcon.colcon_core.package_identification:_identify(.) by extension 'ros'
[0.218s] Level 1:colcon.colcon_core.package_identification:_identify(.) by extensions ['cmake', 'python']
[0.218s] Level 1:colcon.colcon_core.package_identification:_identify(.) by extension 'cmake'
[0.218s] Level 1:colcon.colcon_core.package_identification:_identify(.) by extension 'python'
[0.218s] Level 1:colcon.colcon_core.package_identification:_identify(.) by extensions ['python_setup_py']
[0.218s] Level 1:colcon.colcon_core.package_identification:_identify(.) by extension 'python_setup_py'
[0.218s] Level 1:colcon.colcon_core.package_identification:_identify(build) by extensions ['ignore', 'ignore_ament_install']
[0.218s] Level 1:colcon.colcon_core.package_identification:_identify(build) by extension 'ignore'
[0.219s] Level 1:colcon.colcon_core.package_identification:_identify(build) ignored
[0.219s] Level 1:colcon.colcon_core.package_identification:_identify(install) by extensions ['ignore', 'ignore_ament_install']
[0.219s] Level 1:colcon.colcon_core.package_identification:_identify(install) by extension 'ignore'
[0.219s] Level 1:colcon.colcon_core.package_identification:_identify(install) ignored
[0.219s] Level 1:colcon.colcon_core.package_identification:_identify(log) by extensions ['ignore', 'ignore_ament_install']
[0.219s] Level 1:colcon.colcon_core.package_identification:_identify(log) by extension 'ignore'
[0.219s] Level 1:colcon.colcon_core.package_identification:_identify(log) ignored
[0.219s] Level 1:colcon.colcon_core.package_identification:_identify(yolo_detection) by extensions ['ignore', 'ignore_ament_install']
[0.219s] Level 1:colcon.colcon_core.package_identification:_identify(yolo_detection) by extension 'ignore'
[0.219s] Level 1:colcon.colcon_core.package_identification:_identify(yolo_detection) by extension 'ignore_ament_install'
[0.219s] Level 1:colcon.colcon_core.package_identification:_identify(yolo_detection) by extensions ['colcon_pkg']
[0.219s] Level 1:colcon.colcon_core.package_identification:_identify(yolo_detection) by extension 'colcon_pkg'
[0.219s] Level 1:colcon.colcon_core.package_identification:_identify(yolo_detection) by extensions ['colcon_meta']
[0.219s] Level 1:colcon.colcon_core.package_identification:_identify(yolo_detection) by extension 'colcon_meta'
[0.219s] Level 1:colcon.colcon_core.package_identification:_identify(yolo_detection) by extensions ['ros']
[0.219s] Level 1:colcon.colcon_core.package_identification:_identify(yolo_detection) by extension 'ros'
[0.221s] DEBUG:colcon.colcon_core.package_identification:Package 'yolo_detection' with type 'ros.ament_python' and name 'yolo_detection'
[0.221s] Level 1:colcon.colcon_core.package_discovery:discover_packages(recursive) using defaults
[0.221s] Level 1:colcon.colcon_core.package_discovery:discover_packages(ignore) discover
[0.221s] Level 1:colcon.colcon_core.package_discovery:discover_packages(ignore) using defaults
[0.221s] Level 1:colcon.colcon_core.package_discovery:discover_packages(path) discover
[0.221s] Level 1:colcon.colcon_core.package_discovery:discover_packages(path) using defaults
[0.240s] Level 1:colcon.colcon_core.package_discovery:discover_packages(prefix_path) check parameters
[0.240s] Level 1:colcon.colcon_core.package_discovery:discover_packages(prefix_path) discover
[0.241s] DEBUG:colcon.colcon_installed_package_information.package_discovery:Found 1 installed packages in /home/agrolab/swap_ws/src/install
[0.242s] DEBUG:colcon.colcon_installed_package_information.package_discovery:Found 0 installed packages in /home/agrolab/swap_ws/install
[0.243s] DEBUG:colcon.colcon_installed_package_information.package_discovery:Found 438 installed packages in /opt/ros/humble
[0.244s] Level 1:colcon.colcon_core.package_discovery:discover_packages(prefix_path) using defaults
[0.279s] Level 5:colcon.colcon_core.verb:set package 'yolo_detection' build argument 'cmake_args' from command line to 'None'
[0.279s] Level 5:colcon.colcon_core.verb:set package 'yolo_detection' build argument 'cmake_target' from command line to 'None'
[0.279s] Level 5:colcon.colcon_core.verb:set package 'yolo_detection' build argument 'cmake_target_skip_unavailable' from command line to 'False'
[0.279s] Level 5:colcon.colcon_core.verb:set package 'yolo_detection' build argument 'cmake_clean_cache' from command line to 'False'
[0.279s] Level 5:colcon.colcon_core.verb:set package 'yolo_detection' build argument 'cmake_clean_first' from command line to 'False'
[0.280s] Level 5:colcon.colcon_core.verb:set package 'yolo_detection' build argument 'cmake_force_configure' from command line to 'False'
[0.280s] Level 5:colcon.colcon_core.verb:set package 'yolo_detection' build argument 'ament_cmake_args' from command line to 'None'
[0.280s] Level 5:colcon.colcon_core.verb:set package 'yolo_detection' build argument 'catkin_cmake_args' from command line to 'None'
[0.280s] Level 5:colcon.colcon_core.verb:set package 'yolo_detection' build argument 'catkin_skip_building_tests' from command line to 'False'
[0.280s] DEBUG:colcon.colcon_core.verb:Building package 'yolo_detection' with the following arguments: {'ament_cmake_args': None, 'build_base': '/home/agrolab/swap_ws/src/build/yolo_detection', 'catkin_cmake_args': None, 'catkin_skip_building_tests': False, 'cmake_args': None, 'cmake_clean_cache': False, 'cmake_clean_first': False, 'cmake_force_configure': False, 'cmake_target': None, 'cmake_target_skip_unavailable': False, 'install_base': '/home/agrolab/swap_ws/src/install/yolo_detection', 'merge_install': False, 'path': '/home/agrolab/swap_ws/src/yolo_detection', 'symlink_install': True, 'test_result_base': None}
[0.280s] INFO:colcon.colcon_core.executor:Executing jobs using 'parallel' executor
[0.280s] DEBUG:colcon.colcon_parallel_executor.executor.parallel:run_until_complete
[0.281s] INFO:colcon.colcon_ros.task.ament_python.build:Building ROS package in '/home/agrolab/swap_ws/src/yolo_detection' with build type 'ament_python'
[0.281s] Level 1:colcon.colcon_core.shell:create_environment_hook('yolo_detection', 'ament_prefix_path')
[0.282s] INFO:colcon.colcon_core.plugin_system:Skipping extension 'colcon_core.shell.bat': Not used on non-Windows systems
[0.282s] INFO:colcon.colcon_core.shell:Creating environment hook '/home/agrolab/swap_ws/src/install/yolo_detection/share/yolo_detection/hook/ament_prefix_path.ps1'
[0.283s] INFO:colcon.colcon_core.shell:Creating environment descriptor '/home/agrolab/swap_ws/src/install/yolo_detection/share/yolo_detection/hook/ament_prefix_path.dsv'
[0.283s] INFO:colcon.colcon_core.shell:Creating environment hook '/home/agrolab/swap_ws/src/install/yolo_detection/share/yolo_detection/hook/ament_prefix_path.sh'
[0.283s] INFO:colcon.colcon_core.shell:Skip shell extension 'powershell' for command environment: Not usable outside of PowerShell
[0.283s] DEBUG:colcon.colcon_core.shell:Skip shell extension 'dsv' for command environment
[0.489s] INFO:colcon.colcon_core.task.python.build:Building Python package in '/home/agrolab/swap_ws/src/yolo_detection'
[0.489s] INFO:colcon.colcon_core.shell:Skip shell extension 'powershell' for command environment: Not usable outside of PowerShell
[0.490s] DEBUG:colcon.colcon_core.shell:Skip shell extension 'dsv' for command environment
[0.765s] DEBUG:colcon.colcon_core.task.python.build:While undoing a previous installation files outside the Python library path are being ignored: /home/agrolab/swap_ws/src/install/yolo_detection/share/ament_index/resource_index/packages/yolo_detection
[0.765s] DEBUG:colcon.colcon_core.task.python.build:While undoing a previous installation files outside the Python library path are being ignored: /home/agrolab/swap_ws/src/install/yolo_detection/share/yolo_detection/package.xml
[0.765s] DEBUG:colcon.colcon_core.task.python.build:While undoing a previous installation files outside the Python library path are being ignored: /home/agrolab/swap_ws/src/install/yolo_detection/lib/yolo_detection/yolo_detection_node
[0.767s] DEBUG:colcon.colcon_core.event_handler.log_command:Invoking command in '/home/agrolab/swap_ws/src/build/yolo_detection': PYTHONPATH=/home/agrolab/swap_ws/src/build/yolo_detection/prefix_override:/usr/lib/python3/dist-packages/colcon_core/task/python/colcon_distutils_commands:/home/agrolab/swap_ws/src/install/yolo_detection/lib/python3.10/site-packages:${PYTHONPATH} /usr/bin/python3 -W ignore:setup.py install is deprecated setup.py develop --editable --build-directory /home/agrolab/swap_ws/src/build/yolo_detection/build --no-deps symlink_data --force
[1.235s] Level 1:colcon.colcon_core.shell:create_environment_hook('yolo_detection', 'pythonpath_develop')
[1.235s] DEBUG:colcon.colcon_core.event_handler.log_command:Invoked command in '/home/agrolab/swap_ws/src/build/yolo_detection' returned '0': PYTHONPATH=/home/agrolab/swap_ws/src/build/yolo_detection/prefix_override:/usr/lib/python3/dist-packages/colcon_core/task/python/colcon_distutils_commands:/home/agrolab/swap_ws/src/install/yolo_detection/lib/python3.10/site-packages:${PYTHONPATH} /usr/bin/python3 -W ignore:setup.py install is deprecated setup.py develop --editable --build-directory /home/agrolab/swap_ws/src/build/yolo_detection/build --no-deps symlink_data --force
[1.236s] INFO:colcon.colcon_core.shell:Creating environment hook '/home/agrolab/swap_ws/src/build/yolo_detection/share/yolo_detection/hook/pythonpath_develop.ps1'
[1.236s] INFO:colcon.colcon_core.shell:Creating environment descriptor '/home/agrolab/swap_ws/src/build/yolo_detection/share/yolo_detection/hook/pythonpath_develop.dsv'
[1.236s] INFO:colcon.colcon_core.shell:Creating environment hook '/home/agrolab/swap_ws/src/build/yolo_detection/share/yolo_detection/hook/pythonpath_develop.sh'
[1.238s] Level 1:colcon.colcon_core.environment:checking '/home/agrolab/swap_ws/src/install/yolo_detection' for CMake module files
[1.238s] Level 1:colcon.colcon_core.environment:checking '/home/agrolab/swap_ws/src/install/yolo_detection' for CMake config files
[1.239s] Level 1:colcon.colcon_core.environment:checking '/home/agrolab/swap_ws/src/install/yolo_detection/lib'
[1.239s] Level 1:colcon.colcon_core.environment:checking '/home/agrolab/swap_ws/src/install/yolo_detection/bin'
[1.239s] Level 1:colcon.colcon_core.environment:checking '/home/agrolab/swap_ws/src/install/yolo_detection/lib/pkgconfig/yolo_detection.pc'
[1.239s] Level 1:colcon.colcon_core.environment:checking '/home/agrolab/swap_ws/src/install/yolo_detection/lib/python3.10/site-packages'
[1.239s] Level 1:colcon.colcon_core.shell:create_environment_hook('yolo_detection', 'pythonpath')
[1.239s] INFO:colcon.colcon_core.shell:Creating environment hook '/home/agrolab/swap_ws/src/install/yolo_detection/share/yolo_detection/hook/pythonpath.ps1'
[1.239s] INFO:colcon.colcon_core.shell:Creating environment descriptor '/home/agrolab/swap_ws/src/install/yolo_detection/share/yolo_detection/hook/pythonpath.dsv'
[1.240s] INFO:colcon.colcon_core.shell:Creating environment hook '/home/agrolab/swap_ws/src/install/yolo_detection/share/yolo_detection/hook/pythonpath.sh'
[1.240s] Level 1:colcon.colcon_core.environment:checking '/home/agrolab/swap_ws/src/install/yolo_detection/bin'
[1.240s] Level 1:colcon.colcon_core.environment:create_environment_scripts_only(yolo_detection)
[1.240s] INFO:colcon.colcon_core.shell:Creating package script '/home/agrolab/swap_ws/src/install/yolo_detection/share/yolo_detection/package.ps1'
[1.241s] INFO:colcon.colcon_core.shell:Creating package descriptor '/home/agrolab/swap_ws/src/install/yolo_detection/share/yolo_detection/package.dsv'
[1.241s] INFO:colcon.colcon_core.shell:Creating package script '/home/agrolab/swap_ws/src/install/yolo_detection/share/yolo_detection/package.sh'
[1.242s] INFO:colcon.colcon_core.shell:Creating package script '/home/agrolab/swap_ws/src/install/yolo_detection/share/yolo_detection/package.bash'
[1.242s] INFO:colcon.colcon_core.shell:Creating package script '/home/agrolab/swap_ws/src/install/yolo_detection/share/yolo_detection/package.zsh'
[1.242s] Level 1:colcon.colcon_core.environment:create_file_with_runtime_dependencies(/home/agrolab/swap_ws/src/install/yolo_detection/share/colcon-core/packages/yolo_detection)
[1.243s] DEBUG:colcon.colcon_parallel_executor.executor.parallel:closing loop
[1.243s] DEBUG:colcon.colcon_parallel_executor.executor.parallel:loop closed
[1.243s] DEBUG:colcon.colcon_parallel_executor.executor.parallel:run_until_complete finished with '0'
[1.243s] DEBUG:colcon.colcon_core.event_reactor:joining thread
[1.248s] INFO:colcon.colcon_core.plugin_system:Skipping extension 'colcon_notification.desktop_notification.terminal_notifier': Not used on non-Darwin systems
[1.248s] INFO:colcon.colcon_core.plugin_system:Skipping extension 'colcon_notification.desktop_notification.win32': Not used on non-Windows systems
[1.248s] INFO:colcon.colcon_notification.desktop_notification:Sending desktop notification using 'notify2'
[1.257s] DEBUG:colcon.colcon_core.event_reactor:joined thread
[1.257s] INFO:colcon.colcon_core.shell:Creating prefix script '/home/agrolab/swap_ws/src/install/local_setup.ps1'
[1.258s] INFO:colcon.colcon_core.shell:Creating prefix util module '/home/agrolab/swap_ws/src/install/_local_setup_util_ps1.py'
[1.259s] INFO:colcon.colcon_core.shell:Creating prefix chain script '/home/agrolab/swap_ws/src/install/setup.ps1'
[1.259s] INFO:colcon.colcon_core.shell:Creating prefix script '/home/agrolab/swap_ws/src/install/local_setup.sh'
[1.260s] INFO:colcon.colcon_core.shell:Creating prefix util module '/home/agrolab/swap_ws/src/install/_local_setup_util_sh.py'
[1.260s] INFO:colcon.colcon_core.shell:Creating prefix chain script '/home/agrolab/swap_ws/src/install/setup.sh'
[1.261s] INFO:colcon.colcon_core.shell:Creating prefix script '/home/agrolab/swap_ws/src/install/local_setup.bash'
[1.261s] INFO:colcon.colcon_core.shell:Creating prefix chain script '/home/agrolab/swap_ws/src/install/setup.bash'
[1.261s] INFO:colcon.colcon_core.shell:Creating prefix script '/home/agrolab/swap_ws/src/install/local_setup.zsh'
[1.262s] INFO:colcon.colcon_core.shell:Creating prefix chain script '/home/agrolab/swap_ws/src/install/setup.zsh'
